<?xml version="1.0" encoding="UTF-8"?>
<!-- Generated by org.testng.reporters.JUnitReportReporter -->
<testsuite hostname="kamal" name="selenium_Package.auto_sel" tests="1" failures="0" timestamp="19 Jun 2018 16:47:03 GMT" time="4.631" errors="0">
  <testcase name="launch" time="4.631" classname="selenium_Package.auto_sel"/>
</testsuite> <!-- selenium_Package.auto_sel -->
